00000000000i[     ] Bochs x86 Emulator 2.2.1
00000000000i[     ]   Build from CVS snapshot on July 8, 2005
00000000000i[     ] System configuration
00000000000i[     ]   processors: 1
00000000000i[     ]   A20 line support: yes
00000000000i[     ]   APIC support: no
00000000000i[     ] CPU configuration
00000000000i[     ]   level: 5
00000000000i[     ]   fpu support: yes
00000000000i[     ]   paging support: yes, tlb enabled: yes
00000000000i[     ]   mmx support: yes
00000000000i[     ]   sse support: no
00000000000i[     ]   v8086 mode support: yes
00000000000i[     ]   3dnow! support: no
00000000000i[     ]   PAE support: yes
00000000000i[     ]   PGE support: no
00000000000i[     ]   PSE support: yes
00000000000i[     ]   x86-64 support: no
00000000000i[     ]   SEP support: no
00000000000i[     ] Optimization configuration
00000000000i[     ]   Guest2HostTLB support: yes
00000000000i[     ]   RepeatSpeedups support: yes
00000000000i[     ]   Icache support: yes
00000000000i[     ]   Host Asm support: yes
00000000000i[     ]   Fast function calls: yes
00000000000i[MEM0 ] allocated memory at 0xb75a0008. after alignment, vector=0xb75a1000
00000000000i[MEM0 ] 8.00MB
00000000000i[MEM0 ] rom at 0xf0000/65536 ('/usr/share/bochs/BIOS-bochs-latest')
00000000000i[MEM0 ] rom at 0xc0000/32768 ('/usr/share/bochs/VGABIOS-lgpl-latest')
00000000000i[CMOS ] Using local time for initial clock
00000000000i[CMOS ] Setting initial clock to: Fri Dec 29 12:24:32 2006 (time0=1167391472)
00000000000i[DMA  ] channel 4 used by cascade
00000000000i[DMA  ] channel 2 used by Floppy Drive
00000000000i[FDD  ] fd0: 'fd.img' ro=0, h=2,t=80,spt=18
00000000000i[XGUI ] test_alloc_colors: 16 colors available out of 16 colors tried
00000000000i[XGUI ] font 8 wide x 16 high, display depth = 24
00000000000i[VGA  ] interval=300000
00000000000i[VGA  ] VBE Bochs Display Extension Enabled
00000000000i[     ] init_mem of 'harddrv' plugin device by virtual method
00000000000i[     ] init_mem of 'keyboard' plugin device by virtual method
00000000000i[     ] init_mem of 'serial' plugin device by virtual method
00000000000i[     ] init_mem of 'parallel' plugin device by virtual method
00000000000i[     ] init_mem of 'extfpuirq' plugin device by virtual method
00000000000i[     ] init_mem of 'gameport' plugin device by virtual method
00000000000i[     ] init_mem of 'speaker' plugin device by virtual method
00000000000i[     ] init_dev of 'harddrv' plugin device by virtual method
00000000000i[HD   ] HD on ata0-0: 'diskc.img' 'flat' mode 
00000000000i[HD   ] translation on ata0-0 set to 'large'
00000000000i[HD   ] Using boot sequence floppy, none, none
00000000000i[HD   ] Floppy boot signature check is enabled
00000000000i[     ] init_dev of 'keyboard' plugin device by virtual method
00000000000i[KBD  ] will paste characters every 1000 keyboard ticks
00000000000i[     ] init_dev of 'serial' plugin device by virtual method
00000000000i[SER  ] com1 at 0x03f8 irq 4
00000000000i[     ] init_dev of 'parallel' plugin device by virtual method
00000000000i[PAR  ] parallel port 1 at 0x0378 irq 7
00000000000i[     ] init_dev of 'extfpuirq' plugin device by virtual method
00000000000i[     ] init_dev of 'gameport' plugin device by virtual method
00000000000i[     ] init_dev of 'speaker' plugin device by virtual method
00000000000i[SPEAK] Open /dev/console successfully
00000000000i[     ] reset of 'harddrv' plugin device by virtual method
00000000000i[     ] reset of 'keyboard' plugin device by virtual method
00000000000i[     ] reset of 'serial' plugin device by virtual method
00000000000i[     ] reset of 'parallel' plugin device by virtual method
00000000000i[     ] reset of 'extfpuirq' plugin device by virtual method
00000000000i[     ] reset of 'gameport' plugin device by virtual method
00000000000i[     ] reset of 'speaker' plugin device by virtual method
00000000000i[XGUI ] [x] Mouse off
00000004447i[BIOS ]  rombios.c,v 1.138.2.1 2005/07/06 19:30:36 vruppert Exp $
00000300000e[VGA  ] character height = 1, skipping text update
00000318270i[KBD  ] reset-disable command received
00000420375i[VBIOS] VGABios $Id: vgabios.c,v 1.62 2005/07/02 18:39:43 vruppert Exp $
00000420446i[VGA  ] VBE known Display Interface b0c0
00000420478i[VGA  ] VBE known Display Interface b0c3
00000423403i[VBIOS] VBE Bios $Id: vbe.c,v 1.47 2005/05/24 16:50:50 vruppert Exp $
00000600000i[XGUI ] charmap update. Font Height is 16
00000702170i[BIOS ] ata0-0: PCHS=40/8/64 translation=large LCHS=40/8/64
00000751517e[HD   ] device set to 1 which does not exist
00008228516e[HD   ] device set to 1 which does not exist
00008228580e[HD   ] device set to 1 which does not exist
